<?xml version="1.0" encoding="utf-8"?><testsuites name="pytest tests"><testsuite name="pytest" errors="0" failures="0" skipped="0" tests="51" time="15.430" timestamp="2026-09-15T20:45:28.467169-03:00" hostname="berti-pc"><testcase classname="testes.test_api" name="test_01_mesma_senha_produz_nonces_distintos" time="0.510" /><testcase classname="testes.test_api" name="test_02_senha_mestra_incorreta" time="0.536" /><testcase classname="testes.test_api" name="test_03_persistencia_sem_senhas_legiveis" time="0.362" /><testcase classname="testes.test_api" name="test_04_adulteracao_recusada[criptograma]" time="0.590" /><testcase classname="testes.test_api" name="test_04_adulteracao_recusada[etiqueta]" time="0.588" /><testcase classname="testes.test_api" name="test_04_adulteracao_recusada[nonce]" time="0.540" /><testcase classname="testes.test_api" name="test_05_troca_de_criptogramas_recusada" time="0.737" /><testcase classname="testes.test_api" name="test_ciclo_completo_e_listagem_sem_campos_cifrados" time="1.878" /><testcase classname="testes.test_api" name="test_autenticacao_em_todas_as_operacoes[ausente-422-get-True]" time="0.433" /><testcase classname="testes.test_api" name="test_autenticacao_em_todas_as_operacoes[ausente-422-post-True]" time="0.375" /><testcase classname="testes.test_api" name="test_autenticacao_em_todas_as_operacoes[ausente-422-get-False]" time="0.353" /><testcase classname="testes.test_api" name="test_autenticacao_em_todas_as_operacoes[ausente-422-put-False]" time="0.359" /><testcase classname="testes.test_api" name="test_autenticacao_em_todas_as_operacoes[ausente-422-delete-False]" time="0.360" /><testcase classname="testes.test_api" name="test_autenticacao_em_todas_as_operacoes[errada-401-get-True]" time="0.582" /><testcase classname="testes.test_api" name="test_autenticacao_em_todas_as_operacoes[errada-401-post-True]" time="0.548" /><testcase classname="testes.test_api" name="test_autenticacao_em_todas_as_operacoes[errada-401-get-False]" time="0.598" /><testcase classname="testes.test_api" name="test_autenticacao_em_todas_as_operacoes[errada-401-put-False]" time="0.538" /><testcase classname="testes.test_api" name="test_autenticacao_em_todas_as_operacoes[errada-401-delete-False]" time="0.589" /><testcase classname="testes.test_api" name="test_segredo_de_outro_cofre_inacessivel[get]" time="0.740" /><testcase classname="testes.test_api" name="test_segredo_de_outro_cofre_inacessivel[put]" time="0.725" /><testcase classname="testes.test_api" name="test_segredo_de_outro_cofre_inacessivel[delete]" time="0.723" /><testcase classname="testes.test_api" name="test_ids_e_cofre_inexistentes" time="0.561" /><testcase classname="testes.test_api" name="test_validacao_nao_reflete_senhas" time="0.010" /><testcase classname="testes.test_api" name="test_validacao_nao_reflete_nome_de_campo_extra" time="0.009" /><testcase classname="testes.test_api" name="test_resposta_invalida_do_banco_nao_propaga_senha" time="0.517" /><testcase classname="testes.test_api" name="test_base64_invalido_recusado" time="0.528" /><testcase classname="testes.test_api" name="test_sal_e_iteracoes_adulterados_nao_travam_api" time="0.382" /><testcase classname="testes.test_api" name="test_falha_banco_sem_detalhes_sensiveis[BancoNaoConfigurado]" time="0.007" /><testcase classname="testes.test_api" name="test_falha_banco_sem_detalhes_sensiveis[ErroBanco]" time="0.010" /><testcase classname="testes.test_banco" name="test_consultas_filtram_cofre_e_segredo_e_projetam_metadados" time="0.004" /><testcase classname="testes.test_banco" name="test_erro_do_supabase_e_convertido_sem_conteudo" time="0.002" /><testcase classname="testes.test_cripto" name="test_pbkdf2_confere_com_implementacao_independente" time="0.614" /><testcase classname="testes.test_cripto" name="test_roundtrip_unicode_e_aad" time="0.001" /><testcase classname="testes.test_cripto" name="test_verificador_vinculado_ao_cofre" time="0.001" /><testcase classname="testes.test_cripto" name="test_parametros_kdf_invalidos[1]" time="0.001" /><testcase classname="testes.test_cripto" name="test_parametros_kdf_invalidos[209999]" time="0.002" /><testcase classname="testes.test_cripto" name="test_parametros_kdf_invalidos[2000001]" time="0.001" /><testcase classname="testes.test_cripto" name="test_parametros_kdf_invalidos[210000]" time="0.001" /><testcase classname="testes.test_cripto" name="test_sal_e_chave_com_tamanho_invalido" time="0.001" /><testcase classname="testes.test_modelos" name="test_limites_e_mascaramento_de_senha[vazia-NovoCofre-senha_mestra-1024-outros0]" time="0.001" /><testcase classname="testes.test_modelos" name="test_limites_e_mascaramento_de_senha[vazia-NovoSegredo-senha-10000-outros1]" time="0.001" /><testcase classname="testes.test_modelos" name="test_limites_e_mascaramento_de_senha[vazia-AtualizarSegredo-senha-10000-outros2]" time="0.001" /><testcase classname="testes.test_modelos" name="test_limites_e_mascaramento_de_senha[minima-NovoCofre-senha_mestra-1024-outros0]" time="0.002" /><testcase classname="testes.test_modelos" name="test_limites_e_mascaramento_de_senha[minima-NovoSegredo-senha-10000-outros1]" time="0.001" /><testcase classname="testes.test_modelos" name="test_limites_e_mascaramento_de_senha[minima-AtualizarSegredo-senha-10000-outros2]" time="0.002" /><testcase classname="testes.test_modelos" name="test_limites_e_mascaramento_de_senha[maxima-NovoCofre-senha_mestra-1024-outros0]" time="0.002" /><testcase classname="testes.test_modelos" name="test_limites_e_mascaramento_de_senha[maxima-NovoSegredo-senha-10000-outros1]" time="0.001" /><testcase classname="testes.test_modelos" name="test_limites_e_mascaramento_de_senha[maxima-AtualizarSegredo-senha-10000-outros2]" time="0.001" /><testcase classname="testes.test_modelos" name="test_limites_e_mascaramento_de_senha[excede-NovoCofre-senha_mestra-1024-outros0]" time="0.001" /><testcase classname="testes.test_modelos" name="test_limites_e_mascaramento_de_senha[excede-NovoSegredo-senha-10000-outros1]" time="0.001" /><testcase classname="testes.test_modelos" name="test_limites_e_mascaramento_de_senha[excede-AtualizarSegredo-senha-10000-outros2]" time="0.001" /></testsuite></testsuites>